<?xml version="1.0" encoding="UTF-8"?>
<!-- Generated by org.testng.reporters.JUnitReportReporter -->
<testsuite hostname="DESKTOP-6GVOOPD" failures="0" tests="6" name="crmtests.HomePageTest" time="211.872" errors="0" timestamp="2023-10-07T22:18:16 IST" skipped="0">
  <testcase classname="crmtests.HomePageTest" name="validateRedirectionOfcreateNewContactLinkTest" time="47.370"/>
  <testcase classname="crmtests.HomePageTest" name="validateRedirectionOfCreateNewCompanyLinkTest" time="34.103"/>
  <testcase classname="crmtests.HomePageTest" name="validateRedirectionOfCreateNewDealTest" time="33.260"/>
  <testcase classname="crmtests.HomePageTest" name="validateRedirectionOfCreateNewTaskLinkTest" time="34.717"/>
  <testcase classname="crmtests.HomePageTest" name="validateLogoutTest" time="32.430"/>
  <testcase classname="crmtests.HomePageTest" name="valdiateHomePageTitleTest" time="29.992"/>
</testsuite> <!-- crmtests.HomePageTest -->
