<?xml version="1.0" encoding="UTF-8"?>
<!-- Generated by org.testng.reporters.JUnitReportReporter -->
<testsuite hostname="DESKTOP-6GVOOPD" failures="0" tests="1" name="demo.DemoTest" time="42.761" errors="0" timestamp="2023-09-29T22:10:11 IST" skipped="0">
  <testcase classname="demo.DemoTest" name="validateLoginTest" time="42.761"/>
</testsuite> <!-- demo.DemoTest -->
