<?xml version="1.0" encoding="UTF-8"?>
<!-- Generated by org.testng.reporters.JUnitReportReporter -->
<testsuite hostname="DESKTOP-6GVOOPD" failures="0" tests="6" name="crmtests.NewContactsPageTest" time="250.545" errors="0" timestamp="2023-10-11T21:52:47 IST" skipped="0">
  <testcase classname="crmtests.NewContactsPageTest" name="valdiateCreateNewContactTest1" time="40.637"/>
  <testcase classname="crmtests.NewContactsPageTest" name="valdiateCreateNewContactTest1" time="39.912"/>
  <testcase classname="crmtests.NewContactsPageTest" name="valdiateCreateNewContactTest1" time="40.048"/>
  <testcase classname="crmtests.NewContactsPageTest" name="valdiateCreateNewContactTest1" time="51.841"/>
  <testcase classname="crmtests.NewContactsPageTest" name="valdiateCreateNewContactTest1" time="38.494"/>
  <testcase classname="crmtests.NewContactsPageTest" name="valdiateCreateNewContactTest1" time="39.613"/>
</testsuite> <!-- crmtests.NewContactsPageTest -->
