<?xml version="1.0" encoding="UTF-8"?>
<!-- Generated by org.testng.reporters.JUnitReportReporter -->
<testsuite skipped="0" hostname="DESKTOP-6GVOOPD" name="crmtests.NewContactsPageTest" tests="1" failures="0" timestamp="06 Oct 2023 16:59:10 GMT" time="43.664" errors="0">
  <testcase name="valdiateCreateNewContactTest" time="43.664" classname="crmtests.NewContactsPageTest"/>
</testsuite> <!-- crmtests.NewContactsPageTest -->
